#
# There is insufficient memory for the Java Runtime Environment to continue.
# Native memory allocation (mmap) failed to map 134217728 bytes for G1 virtual space
# Possible reasons:
#   The system is out of physical RAM or swap space
#   The process is running with CompressedOops enabled, and the Java Heap may be blocking the growth of the native heap
# Possible solutions:
#   Reduce memory load on the system
#   Increase physical memory or swap space
#   Check if swap backing store is full
#   Decrease Java heap size (-Xmx/-Xms)
#   Decrease number of Java threads
#   Decrease Java thread stack sizes (-Xss)
#   Set larger code cache with -XX:ReservedCodeCacheSize=
#   JVM is running with Unscaled Compressed Oops mode in which the Java heap is
#     placed in the first 4GB address space. The Java Heap base address is the
#     maximum limit for the native heap growth. Please use -XX:HeapBaseMinAddress
#     to set the Java Heap base and to place the Java Heap above 4GB virtual address.
# This output file may be truncated or incomplete.
#
#  Out of Memory Error (os_windows.cpp:3466), pid=6588, tid=1640
#
# JRE version:  (16.0.2+7) (build )
# Java VM: Java HotSpot(TM) 64-Bit Server VM (16.0.2+7-67, mixed mode, sharing, tiered, compressed oops, compressed class ptrs, g1 gc, windows-amd64)
# No core dump will be written. Minidumps are not enabled by default on client versions of Windows
#

---------------  S U M M A R Y ------------

Command Line: -Dfile.encoding=UTF-8 -XX:+ShowCodeDetailsInExceptionMessages app.TesteConta

Host: Intel(R) Core(TM) i5-7200U CPU @ 2.50GHz, 4 cores, 7G,  Windows 10 , 64 bit Build 19041 (10.0.19041.1151)
Time: Fri Sep 10 15:10:17 2021 Hora oficial do Brasil elapsed time: 0.014331 seconds (0d 0h 0m 0s)

---------------  T H R E A D  ---------------

Current thread (0x00000240a91d76c0):  JavaThread "Unknown thread" [_thread_in_vm, id=1640, stack(0x000000d0fad00000,0x000000d0fae00000)]

Stack: [0x000000d0fad00000,0x000000d0fae00000]
Native frames: (J=compiled Java code, j=interpreted, Vv=VM code, C=native code)
V  [jvm.dll+0x6681ca]
V  [jvm.dll+0x7c9e69]
V  [jvm.dll+0x7cb61e]
V  [jvm.dll+0x7cbc73]
V  [jvm.dll+0x242c55]
V  [jvm.dll+0x664f89]
V  [jvm.dll+0x659b75]
V  [jvm.dll+0x2fbfbb]
V  [jvm.dll+0x3031b6]
V  [jvm.dll+0x35299e]
V  [jvm.dll+0x352bcf]
V  [jvm.dll+0x2d3028]
V  [jvm.dll+0x2d4264]
V  [jvm.dll+0x79c741]
V  [jvm.dll+0x360791]
V  [jvm.dll+0x77a3f0]
V  [jvm.dll+0x3e4e8f]
V  [jvm.dll+0x3e6961]
C  [jli.dll+0x52fb]
C  [ucrtbase.dll+0x21bb2]
C  [KERNEL32.DLL+0x17034]
C  [ntdll.dll+0x52651]


---------------  P R O C E S S  ---------------

Threads class SMR info:
_java_thread_list=0x00007ffbaa93cbb8, length=0, elements={
}

Java Threads: ( => current thread )

Other Threads:
  0x00000240a92175c0 GCTaskThread "GC Thread#0" [stack: 0x000000d0fae00000,0x000000d0faf00000] [id=14564]
  0x00000240a9266410 ConcurrentGCThread "G1 Main Marker" [stack: 0x000000d0faf00000,0x000000d0fb000000] [id=15136]
  0x00000240a9266e80 ConcurrentGCThread "G1 Conc#0" [stack: 0x000000d0fb000000,0x000000d0fb100000] [id=11604]

[error occurred during error reporting (printing all threads), id 0xc0000005, EXCEPTION_ACCESS_VIOLATION (0xc0000005) at pc=0x00007ffbaa113ee7]

VM state: not at safepoint (not fully initialized)

VM Mutex/Monitor currently owned by a thread:  ([mutex/lock_event])
[0x00000240a91d2400] Heap_lock - owner thread: 0x00000240a91d76c0

Heap address: 0x0000000081c00000, size: 2020 MB, Compressed Oops mode: 32-bit

CDS archive(s) mapped at: [0x0000000000000000-0x0000000000000000-0x0000000000000000), size 0, SharedBaseAddress: 0x0000000800000000, ArchiveRelocationMode: 0.
Narrow klass base: 0x0000000000000000, Narrow klass shift: 0, Narrow klass range: 0x0

GC Precious Log:
<Empty>

Heap:
 garbage-first heap   total 0K, used 0K [0x0000000081c00000, 0x0000000100000000)
  region size 1024K, 0 young (0K), 0 survivors (0K)

[error occurred during error reporting (printing heap information), id 0xc0000005, EXCEPTION_ACCESS_VIOLATION (0xc0000005) at pc=0x00007ffbaa4f1eed]

GC Heap History (0 events):
No events

Deoptimization events (0 events):
No events

Classes unloaded (0 events):
No events

Classes redefined (0 events):
No events

Internal exceptions (0 events):
No events

Events (1 events):
Event: 0.010 Loaded shared library C:\Program Files\Java\jdk-16.0.2\bin\java.dll


Dynamic libraries:
0x00007ff759040000 - 0x00007ff759050000 	C:\Program Files\Java\jdk-16.0.2\bin\javaw.exe
0x00007ffbe9c30000 - 0x00007ffbe9e25000 	C:\Windows\SYSTEM32\ntdll.dll
0x00007ffbe8ac0000 - 0x00007ffbe8b7d000 	C:\Windows\System32\KERNEL32.DLL
0x00007ffbe75e0000 - 0x00007ffbe78a9000 	C:\Windows\System32\KERNELBASE.dll
0x00007ffbe7b90000 - 0x00007ffbe7c90000 	C:\Windows\System32\ucrtbase.dll
0x00007ffbe4780000 - 0x00007ffbe4799000 	C:\Program Files\Java\jdk-16.0.2\bin\VCRUNTIME140.dll
0x00007ffbe45b0000 - 0x00007ffbe45c8000 	C:\Program Files\Java\jdk-16.0.2\bin\jli.dll
0x00007ffbe8570000 - 0x00007ffbe861c000 	C:\Windows\System32\ADVAPI32.dll
0x00007ffbe8c70000 - 0x00007ffbe8d0e000 	C:\Windows\System32\msvcrt.dll
0x00007ffbe9b50000 - 0x00007ffbe9beb000 	C:\Windows\System32\sechost.dll
0x00007ffbe9a10000 - 0x00007ffbe9b3a000 	C:\Windows\System32\RPCRT4.dll
0x00007ffbe8d10000 - 0x00007ffbe8eb0000 	C:\Windows\System32\USER32.dll
0x00007ffbe7550000 - 0x00007ffbe7572000 	C:\Windows\System32\win32u.dll
0x00007ffbe8fc0000 - 0x00007ffbe8fea000 	C:\Windows\System32\GDI32.dll
0x00007ffbe7360000 - 0x00007ffbe746b000 	C:\Windows\System32\gdi32full.dll
0x00007ffbdc7a0000 - 0x00007ffbdca3a000 	C:\Windows\WinSxS\amd64_microsoft.windows.common-controls_6595b64144ccf1df_6.0.19041.1110_none_60b5254171f9507e\COMCTL32.dll
0x00007ffbe78b0000 - 0x00007ffbe794d000 	C:\Windows\System32\msvcp_win.dll
0x00007ffbe23b0000 - 0x00007ffbe23ba000 	C:\Windows\SYSTEM32\VERSION.dll
0x00007ffbe8eb0000 - 0x00007ffbe8ee0000 	C:\Windows\System32\IMM32.DLL
0x00007ffbe3b20000 - 0x00007ffbe3b2c000 	C:\Program Files\Java\jdk-16.0.2\bin\vcruntime140_1.dll
0x00007ffbbefd0000 - 0x00007ffbbf061000 	C:\Program Files\Java\jdk-16.0.2\bin\msvcp140.dll
0x00007ffba9e30000 - 0x00007ffbaa9db000 	C:\Program Files\Java\jdk-16.0.2\bin\server\jvm.dll
0x00007ffbe8620000 - 0x00007ffbe8628000 	C:\Windows\System32\PSAPI.DLL
0x00007ffbdb490000 - 0x00007ffbdb499000 	C:\Windows\SYSTEM32\WSOCK32.dll
0x00007ffbdc550000 - 0x00007ffbdc577000 	C:\Windows\SYSTEM32\WINMM.dll
0x00007ffbe8ff0000 - 0x00007ffbe905b000 	C:\Windows\System32\WS2_32.dll
0x00007ffbe5c40000 - 0x00007ffbe5c52000 	C:\Windows\SYSTEM32\kernel.appcore.dll
0x00007ffbdf8d0000 - 0x00007ffbdf8da000 	C:\Program Files\Java\jdk-16.0.2\bin\jimage.dll
0x00007ffbe5160000 - 0x00007ffbe5344000 	C:\Windows\SYSTEM32\DBGHELP.DLL
0x00007ffbdfe20000 - 0x00007ffbdfe4c000 	C:\Windows\SYSTEM32\dbgcore.DLL
0x00007ffbe7950000 - 0x00007ffbe79d3000 	C:\Windows\System32\bcryptPrimitives.dll
0x00007ffbd4310000 - 0x00007ffbd4335000 	C:\Program Files\Java\jdk-16.0.2\bin\java.dll

dbghelp: loaded successfully - version: 4.0.5 - missing functions: none
symbol engine: initialized successfully - sym options: 0x614 - pdb path: .;C:\Program Files\Java\jdk-16.0.2\bin;C:\Windows\SYSTEM32;C:\Windows\WinSxS\amd64_microsoft.windows.common-controls_6595b64144ccf1df_6.0.19041.1110_none_60b5254171f9507e;C:\Program Files\Java\jdk-16.0.2\bin\server

VM Arguments:
jvm_args: -Dfile.encoding=UTF-8 -XX:+ShowCodeDetailsInExceptionMessages 
java_command: app.TesteConta
java_class_path (initial): C:\Users\usuario\Desktop\turma33java\java\BANCO\bin
Launcher Type: SUN_STANDARD

[Global flags]
     intx CICompilerCount                          = 3                                         {product} {ergonomic}
     uint ConcGCThreads                            = 1                                         {product} {ergonomic}
     uint G1ConcRefinementThreads                  = 4                                         {product} {ergonomic}
   size_t G1HeapRegionSize                         = 1048576                                   {product} {ergonomic}
    uintx GCDrainStackTargetSize                   = 64                                        {product} {ergonomic}
   size_t InitialHeapSize                          = 134217728                                 {product} {ergonomic}
   size_t MarkStackSize                            = 4194304                                   {product} {ergonomic}
   size_t MaxHeapSize                              = 2118123520                                {product} {ergonomic}
   size_t MinHeapDeltaBytes                        = 1048576                                   {product} {ergonomic}
   size_t MinHeapSize                              = 8388608                                   {product} {ergonomic}
    uintx NonNMethodCodeHeapSize                   = 5832780                                {pd product} {ergonomic}
    uintx NonProfiledCodeHeapSize                  = 122912730                              {pd product} {ergonomic}
    uintx ProfiledCodeHeapSize                     = 122912730                              {pd product} {ergonomic}
    uintx ReservedCodeCacheSize                    = 251658240                              {pd product} {ergonomic}
     bool SegmentedCodeCache                       = true                                      {product} {ergonomic}
     bool ShowCodeDetailsInExceptionMessages       = true                                   {manageable} {command line}
   size_t SoftMaxHeapSize                          = 2118123520                             {manageable} {ergonomic}
     bool UseCompressedClassPointers               = true                           {product lp64_product} {ergonomic}
     bool UseCompressedOops                        = true                           {product lp64_product} {ergonomic}
     bool UseG1GC                                  = true                                      {product} {ergonomic}
     bool UseLargePagesIndividualAllocation        = false                                  {pd product} {ergonomic}

Logging:
Log output configuration:
 #0: stdout all=warning uptime,level,tags
 #1: stderr all=off uptime,level,tags

Environment Variables:
PATH=C:\Program Files\Common Files\Oracle\Java\javapath;C:\Program Files (x86)\Common Files\Oracle\Java\javapath;C:\Windows\system32;C:\Windows;C:\Windows\System32\Wbem;C:\Windows\System32\WindowsPowerShell\v1.0\;C:\Windows\System32\OpenSSH\;C:\Program Files (x86)\Intel\Intel(R) Management Engine Components\DAL;C:\Program Files\Intel\Intel(R) Management Engine Components\DAL;C:\ProgramData\UNIVALI\Portugol Studio;C:\Program Files\Git\cmd;C:\Users\usuario\AppData\Local\Microsoft\WindowsApps;
USERNAME=usuario
OS=Windows_NT
PROCESSOR_IDENTIFIER=Intel64 Family 6 Model 142 Stepping 9, GenuineIntel



---------------  S Y S T E M  ---------------

OS:
 Windows 10 , 64 bit Build 19041 (10.0.19041.1151)
OS uptime: 23 days 15:24 hours

CPU: total 4 (initial active 4) (2 cores per cpu, 2 threads per core) family 6 model 142 stepping 9 microcode 0xea, cx8, cmov, fxsr, ht, mmx, 3dnowpref, sse, sse2, sse3, ssse3, sse4.1, sse4.2, popcnt, lzcnt, tsc, tscinvbit, avx, avx2, aes, erms, clmul, bmi1, bmi2, adx, fma, vzeroupper, clflush, clflushopt

Memory: 4k page, system-wide physical 8073M (3435M free)
TotalPageFile size 12169M (AvailPageFile size 54M)
current process WorkingSet (physical memory assigned to process): 10M, peak: 10M
current process commit charge ("private bytes"): 51M, peak: 179M

vm_info: Java HotSpot(TM) 64-Bit Server VM (16.0.2+7-67) for windows-amd64 JRE (16.0.2+7-67), built on Jun  8 2021 23:24:19 by "mach5one" with MS VC++ 16.7 (VS2019)

END.
